[debug] [2024-09-02T19:06:03.369Z] : 
[debug] [2024-09-02T19:06:03.374Z] : ----------------------------------------------------------------------
[debug] [2024-09-02T19:06:03.374Z] : Command:      /Users/derrick-ken0017/.nvm/versions/node/v20.16.0/bin/node /Users/derrick-ken0017/.nvm/versions/node/v20.16.0/bin/catalyst serve
[debug] [2024-09-02T19:06:03.374Z] : CLI Version:  1.17.6
[debug] [2024-09-02T19:06:03.375Z] : Platform:     darwin
[debug] [2024-09-02T19:06:03.375Z] : Node Version: v20.16.0
[debug] [2024-09-02T19:06:03.375Z] : Time:         Mon Sep 02 2024 22:06:03 GMT+0300 (East Africa Time)
[debug] [2024-09-02T19:06:03.375Z] : ----------------------------------------------------------------------
[debug] [2024-09-02T19:06:03.375Z] : 
[debug] [2024-09-02T19:06:03.778Z] : > authorizing via signed-in user option
[debug] [2024-09-02T19:06:03.778Z] : > command requires scopes: ["ZohoCatalyst.projects.ALL","ZohoCatalyst.functions.ALL","ZohoCatalyst.functions.EXECUTE","ZohoCatalyst.webapp.ALL","ZohoCatalyst.pdfshot.execute","ZohoCatalyst.authentication.CREATE"]
[debug] [2024-09-02T19:06:03.792Z] : >>>> HTTP REQUEST : GET https://api.catalyst.zoho.com/baas/v1/project/27033000000015004 

[debug] [2024-09-02T19:06:04.984Z] : <<<< HTTP RESPONSE : 200
Response Headers: {"server":"ZGS","date":"Mon, 02 Sep 2024 19:06:05 GMT","content-type":"application/vnd.catalyst.v2+json","transfer-encoding":"chunked","connection":"keep-alive","set-cookie":["zalb_46512fd555=63dd9cf89a6678b816d9580ec827ee61; Path=/","ZD_CSRF_TOKEN=e8c52233-84e9-487e-8a64-c7aca0d52803;path=/;SameSite=None;Secure;priority=high","_zcsr_tmp=e8c52233-84e9-487e-8a64-c7aca0d52803;path=/;SameSite=Strict;Secure;priority=high"],"x-content-type-options":"nosniff","x-xss-protection":"1","cache-control":"private,no-cache,no-store,max-age=0,must-revalidate","pragma":"no-cache","expires":"Thu, 01 Jan 1970 00:00:00 GMT","x-frame-options":"DENY","strict-transport-security":"max-age=63072000"}

[debug] [2024-09-02T19:06:04.989Z] : >>>> HTTP REQUEST : GET https://api.catalyst.zoho.com/baas/v1/project/27033000000015004/environment 

[debug] [2024-09-02T19:06:05.347Z] : <<<< HTTP RESPONSE : 200
Response Headers: {"server":"ZGS","date":"Mon, 02 Sep 2024 19:06:05 GMT","content-type":"application/vnd.catalyst.v2+json","transfer-encoding":"chunked","connection":"keep-alive","set-cookie":["zalb_46512fd555=4ead9897700827f973c0f7dbded7f673; Path=/","ZD_CSRF_TOKEN=3187eef7-fc60-47ed-864d-efb07e38dd6a;path=/;SameSite=None;Secure;priority=high","_zcsr_tmp=3187eef7-fc60-47ed-864d-efb07e38dd6a;path=/;SameSite=Strict;Secure;priority=high"],"x-content-type-options":"nosniff","x-xss-protection":"1","cache-control":"private,no-cache,no-store,max-age=0,must-revalidate","pragma":"no-cache","expires":"Thu, 01 Jan 1970 00:00:00 GMT","x-frame-options":"DENY","strict-transport-security":"max-age=63072000"}

[debug] [2024-09-02T19:06:05.464Z] : >>>> HTTP REQUEST : GET https://api.catalyst.zoho.com/baas/v1/project/27033000000015004/function 
Query params: {"type":"basicio,event,cron,applogic,integration,browser_logic"}

[debug] [2024-09-02T19:06:05.515Z] : http port : '5000' is not available. Hence port '5001' will be used instead.
[debug] [2024-09-02T19:06:05.823Z] : <<<< HTTP RESPONSE : 200
Response Headers: {"server":"ZGS","date":"Mon, 02 Sep 2024 19:06:05 GMT","content-type":"application/vnd.catalyst.v2+json","transfer-encoding":"chunked","connection":"keep-alive","set-cookie":["zalb_46512fd555=c3d5ec374d3dc932973a3d50f55d8d00; Path=/","ZD_CSRF_TOKEN=72c49a4b-7aaf-49ca-b098-9ba70d8d42c6;path=/;SameSite=None;Secure;priority=high","_zcsr_tmp=72c49a4b-7aaf-49ca-b098-9ba70d8d42c6;path=/;SameSite=Strict;Secure;priority=high"],"x-content-type-options":"nosniff","x-xss-protection":"1","cache-control":"private,no-cache,no-store,max-age=0,must-revalidate","pragma":"no-cache","expires":"Thu, 01 Jan 1970 00:00:00 GMT","x-frame-options":"DENY","strict-transport-security":"max-age=63072000"}

[debug] [2024-09-02T19:06:05.827Z] : unknown eol undefined hence skipping check
[info] [2024-09-02T19:06:07.574Z] : [react-plugin]: Starting the development server...

[info] [2024-09-02T19:06:07.575Z] : 
[info] [2024-09-02T19:06:07.575Z] : ℹ Client[app]: Plugin : "zcatalyst-cli-plugin-react" is used for client serve
[info] [2024-09-02T19:06:07.575Z] : 
[info] [2024-09-02T19:06:08.098Z] : 
[info] [2024-09-02T19:06:08.099Z] :  >>>>>>>>>>>>> AdvancedIO <<<<<<<<<<<< 
[info] [2024-09-02T19:06:08.099Z] : ℹ to_do_list_function: http://localhost:3000/server/to_do_list_function/
[info] [2024-09-02T19:06:08.099Z] : 
[info] [2024-09-02T19:06:08.099Z] : 
[info] [2024-09-02T19:06:08.099Z] :  >>>>>>>>>>>>> Web Client <<<<<<<<<<<<
[info] [2024-09-02T19:06:08.099Z] : ℹ client[app]: http://localhost:3000/app/
[info] [2024-09-02T19:06:08.099Z] : 
[info] [2024-09-02T19:06:11.456Z] : [react-plugin]: Failed to compile.

[info] [2024-09-02T19:06:11.456Z] : [react-plugin]: Module not found: Error: Cannot find file: 'helper.css' does not match the corresponding name on disk: './src/Helper.css'.
[info] [2024-09-02T19:06:59.862Z] : [react-plugin]: Compiling...
[info] [2024-09-02T19:07:00.084Z] : [react-plugin]: Compiled successfully!
[info] [2024-09-02T19:07:00.084Z] : [react-plugin]: 
[info] [2024-09-02T19:07:00.084Z] : [react-plugin]: You can now view app in the browser.
[info] [2024-09-02T19:07:00.084Z] : [react-plugin]: 
[info] [2024-09-02T19:07:00.084Z] : [react-plugin]:   Local:            http://localhost:3000/app/
[info] [2024-09-02T19:07:00.084Z] : [react-plugin]:   On Your Network:  http://192.168.100.5:3000/app/
[info] [2024-09-02T19:07:00.084Z] : [react-plugin]: 
[info] [2024-09-02T19:07:00.084Z] : [react-plugin]: Note that the development build is not optimized.
[info] [2024-09-02T19:07:00.084Z] : [react-plugin]: To create a production build, use npm run build.
[info] [2024-09-02T19:07:00.084Z] : [react-plugin]: 
[debug] [2024-09-03T05:59:35.099Z] : > refreshing access token <
[debug] [2024-09-03T05:59:35.139Z] : >>>> HTTP REQUEST : POST https://accounts.zoho.com/oauth/v2/token 
<request body omitted>

[debug] [2024-09-03T05:59:35.205Z] : > refreshing access token <
[debug] [2024-09-03T05:59:35.206Z] : >>>> HTTP REQUEST : POST https://accounts.zoho.com/oauth/v2/token 
<request body omitted>

[debug] [2024-09-03T05:59:35.215Z] : > refreshing access token <
[debug] [2024-09-03T05:59:35.215Z] : >>>> HTTP REQUEST : POST https://accounts.zoho.com/oauth/v2/token 
<request body omitted>

[debug] [2024-09-03T05:59:35.217Z] : > refreshing access token <
[debug] [2024-09-03T05:59:35.217Z] : >>>> HTTP REQUEST : POST https://accounts.zoho.com/oauth/v2/token 
<request body omitted>

[debug] [2024-09-03T05:59:35.218Z] : > refreshing access token <
[debug] [2024-09-03T05:59:35.218Z] : >>>> HTTP REQUEST : POST https://accounts.zoho.com/oauth/v2/token 
<request body omitted>

[debug] [2024-09-03T05:59:36.253Z] : <<<< HTTP RESPONSE : 200
Response Headers: {"server":"ZGS","date":"Tue, 03 Sep 2024 05:59:36 GMT","content-type":"application/json;charset=UTF-8","content-length":"1980","connection":"keep-alive","set-cookie":["zalb_b266a5bf57=9f371135a524e2d1f51eb9f41fa26c60; Path=/","iamcsr=344dccb6-4078-4ea9-ae8b-343ef903ec3e;path=/;SameSite=None;Secure;priority=high","_zcsr_tmp=344dccb6-4078-4ea9-ae8b-343ef903ec3e;path=/;SameSite=Strict;Secure;priority=high"],"cache-control":"no-store","x-content-type-options":"nosniff","pragma":"no-cache","x-frame-options":"SAMEORIGIN","vary":"accept-encoding","content-language":"en-US","strict-transport-security":"max-age=63072000"}

[debug] [2024-09-03T05:59:36.298Z] : <<<< HTTP RESPONSE : 200
Response Headers: {"server":"ZGS","date":"Tue, 03 Sep 2024 05:59:36 GMT","content-type":"application/json;charset=UTF-8","content-length":"1980","connection":"keep-alive","set-cookie":["zalb_b266a5bf57=a7f15cb1555106de5ac96d088b72e7c8; Path=/","iamcsr=c9758b5a-3ff4-4720-889a-f7cefdc5cee4;path=/;SameSite=None;Secure;priority=high","_zcsr_tmp=c9758b5a-3ff4-4720-889a-f7cefdc5cee4;path=/;SameSite=Strict;Secure;priority=high"],"cache-control":"no-store","x-content-type-options":"nosniff","pragma":"no-cache","x-frame-options":"SAMEORIGIN","vary":"accept-encoding","content-language":"en-US","strict-transport-security":"max-age=63072000"}

[debug] [2024-09-03T05:59:36.305Z] : <<<< HTTP RESPONSE : 200
Response Headers: {"server":"ZGS","date":"Tue, 03 Sep 2024 05:59:36 GMT","content-type":"application/json;charset=UTF-8","content-length":"1980","connection":"keep-alive","set-cookie":["zalb_b266a5bf57=a711b6da0e6cbadb5e254290f114a026; Path=/","iamcsr=cef7785d-d712-431c-b8f0-5d572ad796e4;path=/;SameSite=None;Secure;priority=high","_zcsr_tmp=cef7785d-d712-431c-b8f0-5d572ad796e4;path=/;SameSite=Strict;Secure;priority=high"],"cache-control":"no-store","x-content-type-options":"nosniff","pragma":"no-cache","x-frame-options":"SAMEORIGIN","vary":"accept-encoding","content-language":"en-US","strict-transport-security":"max-age=63072000"}

[debug] [2024-09-03T05:59:36.314Z] : <<<< HTTP RESPONSE : 200
Response Headers: {"server":"ZGS","date":"Tue, 03 Sep 2024 05:59:36 GMT","content-type":"application/json;charset=UTF-8","content-length":"1980","connection":"keep-alive","set-cookie":["zalb_b266a5bf57=a7f15cb1555106de5ac96d088b72e7c8; Path=/","iamcsr=5e8b3dac-0615-4082-99e8-8e5683bf5fd8;path=/;SameSite=None;Secure;priority=high","_zcsr_tmp=5e8b3dac-0615-4082-99e8-8e5683bf5fd8;path=/;SameSite=Strict;Secure;priority=high"],"cache-control":"no-store","x-content-type-options":"nosniff","pragma":"no-cache","x-frame-options":"SAMEORIGIN","vary":"accept-encoding","content-language":"en-US","strict-transport-security":"max-age=63072000"}

[debug] [2024-09-03T05:59:36.321Z] : <<<< HTTP RESPONSE : 200
Response Headers: {"server":"ZGS","date":"Tue, 03 Sep 2024 05:59:36 GMT","content-type":"application/json;charset=UTF-8","content-length":"1980","connection":"keep-alive","set-cookie":["zalb_b266a5bf57=9f371135a524e2d1f51eb9f41fa26c60; Path=/","iamcsr=5ce8f454-0fa3-4843-8d3b-6e4af16f3cea;path=/;SameSite=None;Secure;priority=high","_zcsr_tmp=5ce8f454-0fa3-4843-8d3b-6e4af16f3cea;path=/;SameSite=Strict;Secure;priority=high"],"cache-control":"no-store","x-content-type-options":"nosniff","pragma":"no-cache","x-frame-options":"SAMEORIGIN","vary":"accept-encoding","content-language":"en-US","strict-transport-security":"max-age=63072000"}

[info] [2024-09-03T06:19:34.779Z] : Shutting down server
[info] [2024-09-03T06:19:34.988Z] : 
[info] [2024-09-03T06:19:34.992Z] : ✔ Shutdown complete
[debug] [2024-09-03T06:19:34.994Z] : NO ERRORS REGISTERED
[debug] [2024-09-03T06:19:34.995Z] : EXEC ENDED with event: serve, message: success
[debug] [2024-09-03T06:19:34.995Z] : TOTAL DURATION OF COMMAND EXEC : 40411219
[debug] [2024-09-03T06:19:35.025Z] : >>>> HTTP REQUEST : POST https://api.catalyst.zoho.com/baas/v1/cli/logs 
<request body omitted>

[debug] [2024-09-03T06:19:36.159Z] : <<<< HTTP RESPONSE : 200
Response Headers: {"server":"ZGS","date":"Tue, 03 Sep 2024 06:19:36 GMT","content-length":"0","connection":"keep-alive","set-cookie":["zalb_46512fd555=4ead9897700827f973c0f7dbded7f673; Path=/","ZD_CSRF_TOKEN=103cef0e-4389-4e33-9068-91b79885da98;path=/;SameSite=None;Secure;priority=high","_zcsr_tmp=103cef0e-4389-4e33-9068-91b79885da98;path=/;SameSite=Strict;Secure;priority=high"],"x-content-type-options":"nosniff","x-xss-protection":"1","cache-control":"private,no-cache,no-store,max-age=0,must-revalidate","pragma":"no-cache","expires":"Thu, 01 Jan 1970 00:00:00 GMT","x-frame-options":"DENY","strict-transport-security":"max-age=63072000"}

[debug] [2024-09-09T13:40:38.134Z] : 
[debug] [2024-09-09T13:40:38.135Z] : ----------------------------------------------------------------------
[debug] [2024-09-09T13:40:38.135Z] : Command:      /Users/derrick-ken0017/.nvm/versions/node/v20.16.0/bin/node /Users/derrick-ken0017/.nvm/versions/node/v20.16.0/bin/catalyst serve
[debug] [2024-09-09T13:40:38.135Z] : CLI Version:  1.17.6
[debug] [2024-09-09T13:40:38.136Z] : Platform:     darwin
[debug] [2024-09-09T13:40:38.136Z] : Node Version: v20.16.0
[debug] [2024-09-09T13:40:38.136Z] : Time:         Mon Sep 09 2024 16:40:38 GMT+0300 (East Africa Time)
[debug] [2024-09-09T13:40:38.136Z] : ----------------------------------------------------------------------
[debug] [2024-09-09T13:40:38.136Z] : 
[debug] [2024-09-09T13:40:38.533Z] : > authorizing via signed-in user option
[debug] [2024-09-09T13:40:38.534Z] : > command requires scopes: ["ZohoCatalyst.projects.ALL","ZohoCatalyst.functions.ALL","ZohoCatalyst.functions.EXECUTE","ZohoCatalyst.webapp.ALL","ZohoCatalyst.pdfshot.execute","ZohoCatalyst.authentication.CREATE"]
[debug] [2024-09-09T13:40:38.539Z] : >>>> HTTP REQUEST : GET https://api.catalyst.zoho.com/baas/v1/project/27033000000015004 

[debug] [2024-09-09T13:40:39.552Z] : <<<< HTTP RESPONSE : 200
Response Headers: {"server":"ZGS","date":"Mon, 09 Sep 2024 13:40:39 GMT","content-type":"application/vnd.catalyst.v2+json","transfer-encoding":"chunked","connection":"keep-alive","set-cookie":["zalb_46512fd555=c3d5ec374d3dc932973a3d50f55d8d00; Path=/","ZD_CSRF_TOKEN=4375f4f2-34db-46d6-ba5a-282715dffe0c;path=/;SameSite=None;Secure;priority=high","_zcsr_tmp=4375f4f2-34db-46d6-ba5a-282715dffe0c;path=/;SameSite=Strict;Secure;priority=high"],"x-content-type-options":"nosniff","x-xss-protection":"1","cache-control":"private,no-cache,no-store,max-age=0,must-revalidate","pragma":"no-cache","expires":"Thu, 01 Jan 1970 00:00:00 GMT","x-frame-options":"DENY","strict-transport-security":"max-age=63072000"}

[debug] [2024-09-09T13:40:39.558Z] : >>>> HTTP REQUEST : GET https://api.catalyst.zoho.com/baas/v1/project/27033000000015004/environment 

[debug] [2024-09-09T13:40:39.930Z] : <<<< HTTP RESPONSE : 200
Response Headers: {"server":"ZGS","date":"Mon, 09 Sep 2024 13:40:39 GMT","content-type":"application/vnd.catalyst.v2+json","transfer-encoding":"chunked","connection":"keep-alive","set-cookie":["zalb_46512fd555=bbdfb771565421abbe10f7a180903d28; Path=/","ZD_CSRF_TOKEN=6081e558-8ef7-435c-adef-50c7931a5689;path=/;SameSite=None;Secure;priority=high","_zcsr_tmp=6081e558-8ef7-435c-adef-50c7931a5689;path=/;SameSite=Strict;Secure;priority=high"],"x-content-type-options":"nosniff","x-xss-protection":"1","cache-control":"private,no-cache,no-store,max-age=0,must-revalidate","pragma":"no-cache","expires":"Thu, 01 Jan 1970 00:00:00 GMT","x-frame-options":"DENY","strict-transport-security":"max-age=63072000"}

[debug] [2024-09-09T13:40:40.041Z] : >>>> HTTP REQUEST : GET https://api.catalyst.zoho.com/baas/v1/project/27033000000015004/function 
Query params: {"type":"basicio,event,cron,applogic,integration,browser_logic"}

[debug] [2024-09-09T13:40:40.121Z] : http port : '5000' is not available. Hence port '5001' will be used instead.
[debug] [2024-09-09T13:40:40.539Z] : <<<< HTTP RESPONSE : 200
Response Headers: {"server":"ZGS","date":"Mon, 09 Sep 2024 13:40:40 GMT","content-type":"application/vnd.catalyst.v2+json","transfer-encoding":"chunked","connection":"keep-alive","set-cookie":["zalb_46512fd555=4ead9897700827f973c0f7dbded7f673; Path=/","ZD_CSRF_TOKEN=25a163e2-dc96-453c-9ddd-27929a455d54;path=/;SameSite=None;Secure;priority=high","_zcsr_tmp=25a163e2-dc96-453c-9ddd-27929a455d54;path=/;SameSite=Strict;Secure;priority=high"],"x-content-type-options":"nosniff","x-xss-protection":"1","cache-control":"private,no-cache,no-store,max-age=0,must-revalidate","pragma":"no-cache","expires":"Thu, 01 Jan 1970 00:00:00 GMT","x-frame-options":"DENY","strict-transport-security":"max-age=63072000"}

[debug] [2024-09-09T13:40:40.542Z] : unknown eol undefined hence skipping check
[info] [2024-09-09T13:40:42.140Z] : [react-plugin]: Starting the development server...

[info] [2024-09-09T13:40:42.141Z] : 
[info] [2024-09-09T13:40:42.141Z] : ℹ Client[app]: Plugin : "zcatalyst-cli-plugin-react" is used for client serve
[info] [2024-09-09T13:40:42.141Z] : 
[info] [2024-09-09T13:40:42.651Z] : 
[info] [2024-09-09T13:40:42.651Z] :  >>>>>>>>>>>>> AdvancedIO <<<<<<<<<<<< 
[info] [2024-09-09T13:40:42.651Z] : ℹ to_do_list_function: http://localhost:3000/server/to_do_list_function/
[info] [2024-09-09T13:40:42.651Z] : 
[info] [2024-09-09T13:40:42.652Z] : 
[info] [2024-09-09T13:40:42.652Z] :  >>>>>>>>>>>>> Web Client <<<<<<<<<<<<
[info] [2024-09-09T13:40:42.652Z] : ℹ client[app]: http://localhost:3000/app/
[info] [2024-09-09T13:40:42.652Z] : 
[info] [2024-09-09T13:40:43.933Z] : [react-plugin]: Compiled successfully!
[info] [2024-09-09T13:40:43.933Z] : [react-plugin]: 
[info] [2024-09-09T13:40:43.933Z] : [react-plugin]: You can now view app in the browser.
[info] [2024-09-09T13:40:43.933Z] : [react-plugin]: 
[info] [2024-09-09T13:40:43.934Z] : [react-plugin]:   Local:            http://localhost:3000/app/
[info] [2024-09-09T13:40:43.934Z] : [react-plugin]:   On Your Network:  http://192.168.2.12:3000/app/
[info] [2024-09-09T13:40:43.934Z] : [react-plugin]: 
[info] [2024-09-09T13:40:43.934Z] : [react-plugin]: Note that the development build is not optimized.
[info] [2024-09-09T13:40:43.934Z] : [react-plugin]: To create a production build, use npm run build.
[info] [2024-09-09T13:40:43.934Z] : [react-plugin]: 
[info] [2024-09-09T14:01:27.656Z] : Shutting down server
[info] [2024-09-09T14:01:27.781Z] : 
[info] [2024-09-09T14:01:27.782Z] : ✔ Shutdown complete
[debug] [2024-09-09T14:01:27.782Z] : NO ERRORS REGISTERED
[debug] [2024-09-09T14:01:27.783Z] : EXEC ENDED with event: serve, message: success
[debug] [2024-09-09T14:01:27.783Z] : TOTAL DURATION OF COMMAND EXEC : 1249254
[debug] [2024-09-09T14:01:27.790Z] : > refreshing access token <
[debug] [2024-09-09T14:01:27.791Z] : >>>> HTTP REQUEST : POST https://accounts.zoho.com/oauth/v2/token 
<request body omitted>

[debug] [2024-09-09T14:01:28.753Z] : <<<< HTTP RESPONSE : 200
Response Headers: {"server":"ZGS","date":"Mon, 09 Sep 2024 14:01:28 GMT","content-type":"application/json;charset=UTF-8","content-length":"1980","connection":"keep-alive","set-cookie":["zalb_b266a5bf57=a711b6da0e6cbadb5e254290f114a026; Path=/","iamcsr=d68ea642-9c19-4f9b-a684-18851813bfab;path=/;SameSite=None;Secure;priority=high","_zcsr_tmp=d68ea642-9c19-4f9b-a684-18851813bfab;path=/;SameSite=Strict;Secure;priority=high"],"cache-control":"no-store","x-content-type-options":"nosniff","pragma":"no-cache","x-frame-options":"SAMEORIGIN","vary":"accept-encoding","content-language":"en-US","strict-transport-security":"max-age=63072000"}

[debug] [2024-09-09T14:01:28.772Z] : >>>> HTTP REQUEST : POST https://api.catalyst.zoho.com/baas/v1/cli/logs 
<request body omitted>

[debug] [2024-09-09T14:01:29.934Z] : <<<< HTTP RESPONSE : 200
Response Headers: {"server":"ZGS","date":"Mon, 09 Sep 2024 14:01:29 GMT","content-length":"0","connection":"keep-alive","set-cookie":["zalb_46512fd555=c3d5ec374d3dc932973a3d50f55d8d00; Path=/","ZD_CSRF_TOKEN=b982f47f-faf5-40e2-8720-c6da3d36f74b;path=/;SameSite=None;Secure;priority=high","_zcsr_tmp=b982f47f-faf5-40e2-8720-c6da3d36f74b;path=/;SameSite=Strict;Secure;priority=high"],"x-content-type-options":"nosniff","x-xss-protection":"1","cache-control":"private,no-cache,no-store,max-age=0,must-revalidate","pragma":"no-cache","expires":"Thu, 01 Jan 1970 00:00:00 GMT","x-frame-options":"DENY","strict-transport-security":"max-age=63072000"}

[debug] [2024-09-10T05:51:20.900Z] : 
[debug] [2024-09-10T05:51:20.905Z] : ----------------------------------------------------------------------
[debug] [2024-09-10T05:51:20.905Z] : Command:      /Users/derrick-ken0017/.nvm/versions/node/v20.16.0/bin/node /Users/derrick-ken0017/.nvm/versions/node/v20.16.0/bin/catalyst serve
[debug] [2024-09-10T05:51:20.905Z] : CLI Version:  1.17.6
[debug] [2024-09-10T05:51:20.906Z] : Platform:     darwin
[debug] [2024-09-10T05:51:20.906Z] : Node Version: v20.16.0
[debug] [2024-09-10T05:51:20.906Z] : Time:         Tue Sep 10 2024 08:51:20 GMT+0300 (East Africa Time)
[debug] [2024-09-10T05:51:20.906Z] : ----------------------------------------------------------------------
[debug] [2024-09-10T05:51:20.906Z] : 
[debug] [2024-09-10T05:51:21.297Z] : > authorizing via signed-in user option
[debug] [2024-09-10T05:51:21.297Z] : > command requires scopes: ["ZohoCatalyst.projects.ALL","ZohoCatalyst.functions.ALL","ZohoCatalyst.functions.EXECUTE","ZohoCatalyst.webapp.ALL","ZohoCatalyst.pdfshot.execute","ZohoCatalyst.authentication.CREATE"]
[debug] [2024-09-10T05:51:21.304Z] : >>>> HTTP REQUEST : GET https://api.catalyst.zoho.com/baas/v1/project/27033000000015004 

[debug] [2024-09-10T05:51:22.426Z] : <<<< HTTP RESPONSE : 200
Response Headers: {"server":"ZGS","date":"Tue, 10 Sep 2024 05:51:22 GMT","content-type":"application/vnd.catalyst.v2+json","transfer-encoding":"chunked","connection":"keep-alive","set-cookie":["zalb_46512fd555=bbdfb771565421abbe10f7a180903d28; Path=/","ZD_CSRF_TOKEN=2008fc84-97a8-42d3-bcac-2730a06d7c03;path=/;SameSite=None;Secure;priority=high","_zcsr_tmp=2008fc84-97a8-42d3-bcac-2730a06d7c03;path=/;SameSite=Strict;Secure;priority=high"],"x-content-type-options":"nosniff","x-xss-protection":"1","cache-control":"private,no-cache,no-store,max-age=0,must-revalidate","pragma":"no-cache","expires":"Thu, 01 Jan 1970 00:00:00 GMT","x-frame-options":"DENY","strict-transport-security":"max-age=63072000"}

[debug] [2024-09-10T05:51:22.432Z] : >>>> HTTP REQUEST : GET https://api.catalyst.zoho.com/baas/v1/project/27033000000015004/environment 

[debug] [2024-09-10T05:51:22.837Z] : <<<< HTTP RESPONSE : 200
Response Headers: {"server":"ZGS","date":"Tue, 10 Sep 2024 05:51:22 GMT","content-type":"application/vnd.catalyst.v2+json","transfer-encoding":"chunked","connection":"keep-alive","set-cookie":["zalb_46512fd555=63dd9cf89a6678b816d9580ec827ee61; Path=/","ZD_CSRF_TOKEN=01358e63-a285-40aa-9a5a-1a7d4acaa710;path=/;SameSite=None;Secure;priority=high","_zcsr_tmp=01358e63-a285-40aa-9a5a-1a7d4acaa710;path=/;SameSite=Strict;Secure;priority=high"],"x-content-type-options":"nosniff","x-xss-protection":"1","cache-control":"private,no-cache,no-store,max-age=0,must-revalidate","pragma":"no-cache","expires":"Thu, 01 Jan 1970 00:00:00 GMT","x-frame-options":"DENY","strict-transport-security":"max-age=63072000"}

[debug] [2024-09-10T05:51:22.951Z] : >>>> HTTP REQUEST : GET https://api.catalyst.zoho.com/baas/v1/project/27033000000015004/function 
Query params: {"type":"basicio,event,cron,applogic,integration,browser_logic"}

[debug] [2024-09-10T05:51:23.044Z] : http port : '5000' is not available. Hence port '5001' will be used instead.
[debug] [2024-09-10T05:51:23.364Z] : <<<< HTTP RESPONSE : 200
Response Headers: {"server":"ZGS","date":"Tue, 10 Sep 2024 05:51:23 GMT","content-type":"application/vnd.catalyst.v2+json","transfer-encoding":"chunked","connection":"keep-alive","set-cookie":["zalb_46512fd555=4ead9897700827f973c0f7dbded7f673; Path=/","ZD_CSRF_TOKEN=e5c09968-428c-4549-bdcc-44bda50fcaa4;path=/;SameSite=None;Secure;priority=high","_zcsr_tmp=e5c09968-428c-4549-bdcc-44bda50fcaa4;path=/;SameSite=Strict;Secure;priority=high"],"x-content-type-options":"nosniff","x-xss-protection":"1","cache-control":"private,no-cache,no-store,max-age=0,must-revalidate","pragma":"no-cache","expires":"Thu, 01 Jan 1970 00:00:00 GMT","x-frame-options":"DENY","strict-transport-security":"max-age=63072000"}

[debug] [2024-09-10T05:51:23.367Z] : unknown eol undefined hence skipping check
[info] [2024-09-10T05:51:24.872Z] : [react-plugin]: Starting the development server...

[info] [2024-09-10T05:51:24.873Z] : 
[info] [2024-09-10T05:51:24.873Z] : ℹ Client[app]: Plugin : "zcatalyst-cli-plugin-react" is used for client serve
[info] [2024-09-10T05:51:24.873Z] : 
[info] [2024-09-10T05:51:25.367Z] : 
[info] [2024-09-10T05:51:25.367Z] :  >>>>>>>>>>>>> AdvancedIO <<<<<<<<<<<< 
[info] [2024-09-10T05:51:25.367Z] : ℹ to_do_list_function: http://localhost:3000/server/to_do_list_function/
[info] [2024-09-10T05:51:25.367Z] : 
[info] [2024-09-10T05:51:25.367Z] : 
[info] [2024-09-10T05:51:25.367Z] :  >>>>>>>>>>>>> Web Client <<<<<<<<<<<<
[info] [2024-09-10T05:51:25.367Z] : ℹ client[app]: http://localhost:3000/app/
[info] [2024-09-10T05:51:25.367Z] : 
[info] [2024-09-10T05:51:25.923Z] : [react-plugin]: Compiled successfully!
[info] [2024-09-10T05:51:25.923Z] : [react-plugin]: 
[info] [2024-09-10T05:51:25.923Z] : [react-plugin]: You can now view app in the browser.
[info] [2024-09-10T05:51:25.923Z] : [react-plugin]: 
[info] [2024-09-10T05:51:25.923Z] : [react-plugin]:   Local:            http://localhost:3000/app/
[info] [2024-09-10T05:51:25.923Z] : [react-plugin]:   On Your Network:  http://192.168.2.12:3000/app/
[info] [2024-09-10T05:51:25.923Z] : [react-plugin]: 
[info] [2024-09-10T05:51:25.923Z] : [react-plugin]: Note that the development build is not optimized.
[info] [2024-09-10T05:51:25.923Z] : [react-plugin]: To create a production build, use npm run build.
[info] [2024-09-10T05:51:25.923Z] : [react-plugin]: 
[info] [2024-09-10T05:55:43.614Z] : Shutting down server
[info] [2024-09-10T05:55:43.798Z] : 
[info] [2024-09-10T05:55:43.799Z] : ✔ Shutdown complete
[debug] [2024-09-10T05:55:43.799Z] : NO ERRORS REGISTERED
[debug] [2024-09-10T05:55:43.799Z] : EXEC ENDED with event: serve, message: success
[debug] [2024-09-10T05:55:43.799Z] : TOTAL DURATION OF COMMAND EXEC : 262508
[debug] [2024-09-10T05:55:43.806Z] : >>>> HTTP REQUEST : POST https://api.catalyst.zoho.com/baas/v1/cli/logs 
<request body omitted>

[debug] [2024-09-10T05:55:44.755Z] : <<<< HTTP RESPONSE : 200
Response Headers: {"server":"ZGS","date":"Tue, 10 Sep 2024 05:55:44 GMT","content-length":"0","connection":"keep-alive","set-cookie":["zalb_46512fd555=bbdfb771565421abbe10f7a180903d28; Path=/","ZD_CSRF_TOKEN=9c4d30b7-8db5-443b-9b95-389c9c02917a;path=/;SameSite=None;Secure;priority=high","_zcsr_tmp=9c4d30b7-8db5-443b-9b95-389c9c02917a;path=/;SameSite=Strict;Secure;priority=high"],"x-content-type-options":"nosniff","x-xss-protection":"1","cache-control":"private,no-cache,no-store,max-age=0,must-revalidate","pragma":"no-cache","expires":"Thu, 01 Jan 1970 00:00:00 GMT","x-frame-options":"DENY","strict-transport-security":"max-age=63072000"}

